2014-05-22 02:38:34,188 [Thread-2] INFO  model.Server - Server started
2014-05-22 02:38:39,191 [Thread-2] INFO  model.Server - Server stopped successfuly
2014-05-22 02:42:44,932 [Thread-2] INFO  model.Server - Server started
2014-05-22 02:42:49,901 [pool-2-thread-1] INFO  model.Server - Client connected. Details: IP: /10.100.101.111 Class: class java.net.Socket
2014-05-22 02:42:49,901 [pool-2-thread-1] INFO  model.Server - Handling thread is: pool-2-thread-1
2014-05-22 02:42:51,258 [pool-2-thread-2] INFO  model.Server - Client connected. Details: IP: /10.100.101.111 Class: class java.net.Socket
2014-05-22 02:42:51,258 [pool-2-thread-2] INFO  model.Server - Handling thread is: pool-2-thread-2
2014-05-22 02:43:03,260 [Thread-2] INFO  model.Server - Stopping server......
2014-05-22 02:43:03,261 [Thread-2] INFO  model.Server - Server stopped successfuly
2014-05-22 14:38:23,256 [Thread-2] INFO  model.Server - Server started
2014-05-22 14:38:26,462 [pool-2-thread-1] INFO  model.Server - Client connected. Details: IP: /10.0.0.9
2014-05-22 14:38:26,510 [pool-2-thread-1] INFO  model.Game2048Handler - solving.......
2014-05-22 14:38:26,538 [pool-2-thread-1] INFO  model.Game2048Handler - solving.......
2014-05-22 14:38:26,550 [pool-2-thread-1] INFO  model.Game2048Handler - solving.......
2014-05-22 14:38:26,558 [pool-2-thread-1] INFO  model.Game2048Handler - solving.......
2014-05-22 14:38:26,562 [pool-2-thread-1] INFO  model.Game2048Handler - solving.......
2014-05-22 14:38:26,569 [pool-2-thread-1] INFO  model.Game2048Handler - solving.......
2014-05-22 14:38:26,579 [pool-2-thread-1] INFO  model.Game2048Handler - solving.......
2014-05-22 14:38:26,583 [pool-2-thread-1] INFO  model.Game2048Handler - solving.......
2014-05-22 14:38:26,586 [pool-2-thread-1] INFO  model.Game2048Handler - solving.......
2014-05-22 14:38:26,596 [pool-2-thread-1] INFO  model.Game2048Handler - solving.......
2014-05-22 14:47:08,696 [Thread-2] INFO  model.Server - Stopping server......
2014-05-22 14:47:08,698 [Thread-2] INFO  model.Server - Server stopped successfuly
2014-05-22 14:51:57,309 [Thread-2] INFO  model.Server - Server started
2014-05-22 14:52:00,996 [pool-2-thread-1] INFO  model.Server - Client connected. Details: IP: /10.0.0.9:49785
2014-05-22 14:52:01,016 [pool-2-thread-1] INFO  model.Game2048Handler - solving.......
2014-05-22 14:52:01,033 [pool-2-thread-1] INFO  model.Game2048Handler - solving.......
2014-05-22 14:52:01,049 [pool-2-thread-1] INFO  model.Game2048Handler - solving.......
2014-05-22 14:52:01,055 [pool-2-thread-1] INFO  model.Game2048Handler - solving.......
2014-05-22 14:52:01,065 [pool-2-thread-1] INFO  model.Game2048Handler - solving.......
2014-05-22 14:52:01,069 [pool-2-thread-1] INFO  model.Game2048Handler - solving.......
2014-05-22 14:52:01,077 [pool-2-thread-1] INFO  model.Game2048Handler - solving.......
2014-05-22 14:52:01,086 [pool-2-thread-1] INFO  model.Game2048Handler - solving.......
2014-05-22 14:52:01,088 [pool-2-thread-1] INFO  model.Game2048Handler - solving.......
2014-05-22 14:52:01,095 [pool-2-thread-1] INFO  model.Game2048Handler - solving.......
2014-05-22 14:52:01,101 [pool-2-thread-1] INFO  model.Server - Closing connection with client: IP: /10.0.0.9:49785
2014-05-22 14:52:02,929 [pool-2-thread-2] INFO  model.Server - Client connected. Details: IP: /10.0.0.9:49792
2014-05-22 14:52:02,965 [pool-2-thread-2] INFO  model.Game2048Handler - solving.......
2014-05-22 14:52:02,977 [pool-2-thread-2] INFO  model.Game2048Handler - solving.......
2014-05-22 14:52:02,994 [pool-2-thread-2] INFO  model.Game2048Handler - solving.......
2014-05-22 14:52:03,004 [pool-2-thread-2] INFO  model.Game2048Handler - solving.......
2014-05-22 14:52:03,010 [pool-2-thread-2] INFO  model.Game2048Handler - solving.......
2014-05-22 14:52:03,015 [pool-2-thread-2] INFO  model.Game2048Handler - solving.......
2014-05-22 14:52:03,022 [pool-2-thread-2] INFO  model.Game2048Handler - solving.......
2014-05-22 14:52:03,032 [pool-2-thread-2] INFO  model.Game2048Handler - solving.......
2014-05-22 14:52:03,041 [pool-2-thread-2] INFO  model.Game2048Handler - solving.......
2014-05-22 14:52:03,048 [pool-2-thread-2] INFO  model.Game2048Handler - solving.......
2014-05-22 14:52:03,056 [pool-2-thread-2] INFO  model.Server - Closing connection with client: IP: /10.0.0.9:49792
2014-05-22 14:53:14,957 [Thread-2] INFO  model.Server - Stopping server......
2014-05-22 14:53:14,958 [Thread-2] INFO  model.Server - Server stopped successfuly
2014-05-22 15:04:23,095 [Thread-2] INFO  model.Server - Server started
2014-05-22 15:04:28,345 [pool-2-thread-1] INFO  model.Server - Client connected. Details: IP: 10.0.0.9 ID: b5a577a5-b17c-4e3f-b37c-c13ddb7d7d3f
2014-05-22 15:04:28,345 [pool-2-thread-1] INFO  model.Game2048Handler - Starting handling client
2014-05-22 15:04:28,456 [pool-2-thread-1] INFO  model.Game2048Handler - Finished handling client
2014-05-22 15:04:28,457 [pool-2-thread-1] INFO  model.Server - Closing connection with client: IP: /10.0.0.9:49890
2014-05-22 15:06:32,506 [Thread-2] INFO  model.Server - Server started
2014-05-22 15:06:37,890 [pool-2-thread-1] INFO  model.Server - Client connected.
Details: IP: 10.0.0.9 ID: 98443a9e-e738-4b96-a47e-39e76f0b0df7
2014-05-22 15:06:37,890 [pool-2-thread-1] INFO  model.Game2048Handler - Starting handling client
2014-05-22 15:06:38,000 [pool-2-thread-1] INFO  model.Game2048Handler - Finished handling client
2014-05-22 15:06:38,002 [pool-2-thread-1] INFO  model.Server - Closing connection with client: IP: /10.0.0.9:49911
2014-05-22 15:06:46,686 [Thread-2] INFO  model.Server - Stopping server......
2014-05-22 15:06:46,687 [Thread-2] INFO  model.Server - Server stopped successfuly
2014-05-22 15:09:26,756 [Thread-2] INFO  model.Server - Server started
2014-05-22 15:09:30,870 [pool-2-thread-1] INFO  model.Server - Client connected.
Details: IP: 10.0.0.9 ID: 92cff903-7317-4644-a97e-9e0bbb4b7d75
2014-05-22 15:09:30,871 [pool-2-thread-1] INFO  model.Game2048Handler - Starting handling client
2014-05-22 15:09:30,977 [pool-2-thread-1] INFO  model.Game2048Handler - Finished handling client
2014-05-22 15:09:30,978 [pool-2-thread-1] INFO  model.Server - Closing connection with client: IP: 10.0.0.9 ID: 92cff903-7317-4644-a97e-9e0bbb4b7d75
